|SourceProjectName:GlobalSight.hpr
|DestinationProjectName:Termbase.htm
whhost.js
whmsg.js
whmozemu.js
whproxy.js
whstub.js
whutils.js
whver.js
whform.js
whphost.js
whstart.js
whtopic.js
whframes.js
whlang.js
whskin_info.htm
whskin_blank.htm
whskin_pickup.htm
whskin_homepage.htm
whnjs.htm
whthost.js
whtdhtml.htm
whihost.js
whibody.htm
whiform.htm
whfhost.js
whfbody.htm
whfform.htm
whghost.js
whgbody.htm
whgdhtml.htm
whgdef.htm
whproj.js
whproj.xml
whproj.htm
whxdata\whtoc.xml
whxdata\whidx.xml
whxdata\whfts.xml
whxdata\whglo.xml
whdata\whtoc.js
whdata\whtoc.htm
whdata\whtdata.js
whdata\whidx.js
whdata\whidx.htm
whdata\whidata.js
whdata\whfts.js
whdata\whfts.htm
whdata\whglo.js
whdata\whglo.htm
whdata\whgdata.js
whdata\whftdata.js
whdata\whfwdata.js
whres.xml
WebHelp.jar
WebHelp.cab
whgdata\whnvp30.htm
whgdata\whnvp31.htm
whgdata\whnvp32.htm
whgdata\whnvp33.htm
whgdata\whnvt30.htm
whgdata\whnvt31.htm
whgdata\whnvt32.htm
whgdata\whnvt33.htm
whgdata\whnvf30.htm
whgdata\whnvf31.htm
whgdata\whnvf32.htm
whgdata\whnvf33.htm
whgdata\whnvl31.htm
whgdata\whnvl32.htm
whgdata\whnvl33.htm
whgdata\whexpbar.gif
cshdat_webhelp.htm
whcsh_home.htm
whcshdata.htm
cshdat_robohelp.htm
wht_tab0.gif
wht_tab1.gif
wht_tab2.gif
wht_tab3.gif
wht_tab4.gif
wht_tab5.gif
wht_tab6.gif
wht_tab7.gif
wht_tab8.gif
wht_glo_h.gif
wht_glo_n.gif
wht_fts_h.gif
wht_fts_n.gif
wht_idx_h.gif
wht_idx_n.gif
wht_toc_h.gif
wht_toc_n.gif
wht_ws.gif
wht_ws_g.gif
wht_logo1.gif
wht_logo2.gif
wht_abgw.jpg
wht_abgi.jpg
wht_abge.jpg
wht_abtw.jpg
wht_abte.jpg
wht_abti.jpg
wht_spac.gif
wht_next.gif
wht_next_g.gif
wht_prev.gif
wht_prev_g.gif
wht_sync.gif
wht_hide.gif
wht_go.gif
whstart.ico
whestart.ico
whrstart.ico
whidhtml.htm
whfdhtml.htm
whskin_banner.htm
whtbar.js
S4-logo.gif
Default.skn
whskin_pdhtml.htm
whskin_papplet.htm
whskin_plist.htm
whskin_tbars.htm
whskin_mbars.htm
wht_toc4.gif
wht_toc1.gif
wht_toc2.gif
wht_toc3.gif
whskin_frmset010.htm
whst_topics.xml
whskin_frmset01.htm
Termbase_hha.hhk
Termbase.hhc
Termbase.hhk
Setup\Terminology\Anonymous_Termbase_Access.htm
Setup\Terminology\Browse_Termbase.htm
eHelp.xml
ehlpdhtm.js
RoboHHRE.lng
default.css
System4.css
button_start_end_node.gif
editorNextPage.gif
corpus_icon.jpg
image80.gif
image70.gif
editorNextSegment.gif
image71.gif
button_condition_node.gif
editorNoSplit.gif
image120.gif
image72.gif
looping.gif
arrow.gif
node_activity.gif
node_start.gif
Plus_19x19.gif
image110.gif
image95.gif
image84.gif
node_condition.gif
image122.gif
image100.gif
image96.gif
image85.gif
image123.gif
image112.gif
image101.gif
image97.gif
image86.gif
image113.gif
image102.gif
image98.gif
image87.gif
image76.gif
image114.gif
image103.gif
image99.gif
horiz_blue_thin.jpg
image115.gif
image104.gif
image78.gif
editorPreviousSegment.gif
image116.gif
image105.gif
image79.gif
image117.gif
image106.gif
image69.gif
loop2.gif
editorPreviousPage.gif
image47.gif
image118.gif
image107.gif
node_end.gif
image119.gif
image108.gif
button_pointer.gif
button_arrow.gif
editorHorzSplit.gif
image109.gif
button_save.gif
button_activity_node.gif
editorVertSplit.gif
two-stage.gif
simple.gif
Termbase.ppf
whxdata\whtdata0.xml
whxdata\whidata0.xml
whxdata\whftdata0.xml
whxdata\whfwdata0.xml
whdata\whtdata0.htm
whdata\whidata0.htm
whdata\whftdata0.htm
whdata\whfwdata0.htm
whgdata\whlstt0.htm
whgdata\whlstt1.htm
whgdata\whlstt2.htm
whgdata\whlsti0.htm
whgdata\whlstfl0.htm
whgdata\whlstfl1.htm
whgdata\whlstfl2.htm
whgdata\whlstfl3.htm
whgdata\whlstfl4.htm
whgdata\whlstfl5.htm
whgdata\whlstfl6.htm
whgdata\whlstfl7.htm
whgdata\whlstfl8.htm
whgdata\whlstfl9.htm
whgdata\whlstfl10.htm
whgdata\whlstfl11.htm
whgdata\whlstf0.htm
whgdata\whlstg0.htm
Termbase.htm
Termbase_csh.htm
Termbase_rhc.htm
