|SourceProjectName:System4.hpr
|DestinationProjectName:System4.htm
whhost.js
whmsg.js
whmozemu.js
whproxy.js
whstub.js
whutils.js
whver.js
whform.js
whphost.js
whstart.js
whtopic.js
whframes.js
whlang.js
whskin_info.htm
whskin_blank.htm
whskin_pickup.htm
whskin_homepage.htm
whnjs.htm
whthost.js
whtdhtml.htm
whihost.js
whibody.htm
whiform.htm
whfhost.js
whfbody.htm
whfform.htm
whghost.js
whgbody.htm
whgdhtml.htm
whgdef.htm
whproj.js
whproj.xml
whproj.htm
whxdata\whtoc.xml
whxdata\whidx.xml
whxdata\whfts.xml
whxdata\whglo.xml
whdata\whtoc.js
whdata\whtoc.htm
whdata\whtdata.js
whdata\whidx.js
whdata\whidx.htm
whdata\whidata.js
whdata\whfts.js
whdata\whfts.htm
whdata\whglo.js
whdata\whglo.htm
whdata\whgdata.js
whdata\whftdata.js
whdata\whfwdata.js
whres.xml
WebHelp.jar
WebHelp.cab
whgdata\whnvp30.htm
whgdata\whnvp31.htm
whgdata\whnvp32.htm
whgdata\whnvp33.htm
whgdata\whnvt30.htm
whgdata\whnvt31.htm
whgdata\whnvt32.htm
whgdata\whnvt33.htm
whgdata\whnvf30.htm
whgdata\whnvf31.htm
whgdata\whnvf32.htm
whgdata\whnvf33.htm
whgdata\whnvl31.htm
whgdata\whnvl32.htm
whgdata\whnvl33.htm
whgdata\whexpbar.gif
cshdat_webhelp.htm
whcsh_home.htm
whcshdata.htm
cshdat_robohelp.htm
wht_tab0.gif
wht_tab1.gif
wht_tab2.gif
wht_tab3.gif
wht_tab4.gif
wht_tab5.gif
wht_tab6.gif
wht_tab7.gif
wht_tab8.gif
wht_glo_h.gif
wht_glo_n.gif
wht_fts_h.gif
wht_fts_n.gif
wht_idx_h.gif
wht_idx_n.gif
wht_toc_h.gif
wht_toc_n.gif
wht_ws.gif
wht_ws_g.gif
wht_logo1.gif
wht_logo2.gif
wht_abgw.jpg
wht_abgi.jpg
wht_abge.jpg
wht_abtw.jpg
wht_abte.jpg
wht_abti.jpg
wht_spac.gif
wht_next.gif
wht_next_g.gif
wht_prev.gif
wht_prev_g.gif
wht_sync.gif
wht_hide.gif
wht_go.gif
whstart.ico
whestart.ico
whrstart.ico
whidhtml.htm
whfdhtml.htm
whskin_banner.htm
whtbar.js
Default.skn
whskin_pdhtml.htm
whskin_papplet.htm
whskin_plist.htm
whskin_tbars.htm
whskin_mbars.htm
wht_toc4.gif
wht_toc1.gif
wht_toc2.gif
wht_toc3.gif
whskin_frmset010.htm
whst_topics.xml
whskin_frmset01.htm
System4_hha.hhk
System4.hhc
System4.hhk
Ap_ndice\Customizing_Extraction_Rules.htm
Ap_ndice\Customizing_Segmentation_Rules.htm
Ap_ndice\Exclude_Item_Types.htm
Ap_ndice\GS-Tagged_Source_Page_Example.htm
Ap_ndice\lingfaq.html
Ap_ndice\Local_Content_Management_(Snippets).htm
Ap_ndice\Pending_Records_Table.htm
Ap_ndice\Placeholder_Tags_(Additional_Information).htm
Ap_ndice\Placeholder_Tags_(Errors).htm
Ap_ndice\Snippet_Library_File_Example.htm
Ap_ndice\Supported_Data_Formats.htm
Ap_ndice\Writing_DB_Preview_Rules.htm
Ap_ndice\Writing_XML_Rules.htm
Configuraci_n\Archivos_de_referencia\Support_Files_Main_Screen.htm
Configuraci_n\Archivos_de_referencia\Upload_Support_Files.htm
Configuraci_n\Archivos_de_registro\Log_Files.htm
Configuraci_n\Bases_de_datos_terminol_gica\Browse_Termbase.htm
Configuraci_n\Bases_de_datos_terminol_gica\Create_Modify_Clone_Termbase.htm
Configuraci_n\Bases_de_datos_terminol_gica\Define_Termbase_Column.htm
Configuraci_n\Bases_de_datos_terminol_gica\Import.htm
Configuraci_n\Bases_de_datos_terminol_gica\Set_Import_Options_(Import_p.3).htm
Configuraci_n\Bases_de_datos_terminol_gica\Terminology_Main_Screen.htm
Configuraci_n\Bases_de_datos_terminol_gica\Verify_CSV_Columns_(Import_p.2).htm
Configuraci_n\Combinaciones_de_idiomas\Create_Locale_Pair.htm
Configuraci_n\Combinaciones_de_idiomas\Locale_Pairs_Main_Screen.htm
Configuraci_n\Extensiones_de_archivo\Create_File_Extension.htm
Configuraci_n\Extensiones_de_archivo\File_Extensions_Main_Screen.htm
Configuraci_n\Importar_fragmentos\Import_Snippet_Files.htm
Configuraci_n\Memoria_de_traducci_n\Create_Modify_Translation_Memory.htm
Configuraci_n\Memoria_de_traducci_n\Translation_Memory_Main_Screen.htm
Configuraci_n\Moneda\Create_Modify_Currency.htm
Configuraci_n\Moneda\Currency_Main_Screen.htm
Configuraci_n\Par_metros_del_sistema\System_Parameters.htm
Configuraci_n\Perfiles_de_traducci_n\Add_Edit_Workflows.htm
Configuraci_n\Perfiles_de_traducci_n\Attach_Workflows_to_Target_Locales.htm
Configuraci_n\Perfiles_de_traducci_n\Basic_Information_LP.htm
Configuraci_n\Perfiles_de_traducci_n\Create_Modify_Activity.htm
Configuraci_n\Perfiles_de_traducci_n\Job_Timers.htm
Configuraci_n\Perfiles_de_traducci_n\Localization_Profiles_Main_Screen.htm
Configuraci_n\Procesos_de_producci_n\Basic_Info.htm
Configuraci_n\Procesos_de_producci_n\Graphical_Workflow.htm
Configuraci_n\Procesos_de_producci_n\Sample_Workflows.htm
Configuraci_n\Procesos_de_producci_n\Workflows.htm
Configuraci_n\Proyectos\Create_Modify_Project.htm
Configuraci_n\Proyectos\Projects_Main_Screen.htm
Configuraci_n\Setup.htm
Configuraci_n\Tarifas\Create_Modify_Rate.htm
Configuraci_n\Tarifas\Rate_Main_Screen.htm
Configuraci_n\Tipos_de_actividades\Activity_Types_Main_Screen.htm
Configuraci_n\Tipos_de_actividades\Create_Modify_Activity_Type.htm
Configuraci_n\Usuarios\Roles.htm
Configuraci_n\Usuarios\User_Information.htm
Configuraci_n\Usuarios\Users_Main_Screen.htm
Fuentes_de_datos\Conexiones_a_la_base_de_datos\Create_Modify_DB_Connection.htm
Fuentes_de_datos\Conexiones_a_la_base_de_datos\DB_Connections_Main_Screen.htm
Fuentes_de_datos\Configuraci_n_de_importaci_n_de_la_base_de_datos\Create_Modify_Import_Settings.htm
Fuentes_de_datos\Configuraci_n_de_importaci_n_de_la_base_de_datos\DB_Import_Settings_Main_Screen.htm
Fuentes_de_datos\Data_Sources_Menu.htm
Fuentes_de_datos\Importaci_n\Import_Main_Screen.htm
Fuentes_de_datos\Importaci_n\Select_Files_To_Import.htm
Fuentes_de_datos\Perfiles_de_archivos\Create_Modify_File_Profile.htm
Fuentes_de_datos\Perfiles_de_archivos\File_Profiles_Main_Screen.htm
Fuentes_de_datos\Perfiles_de_bases_de_datos\Basic_Information_DB_Profiles.htm
Fuentes_de_datos\Perfiles_de_bases_de_datos\Columns.htm
Fuentes_de_datos\Perfiles_de_bases_de_datos\Create_Modify_Column.htm
Fuentes_de_datos\Perfiles_de_bases_de_datos\DB_Preview_SQL.htm
Fuentes_de_datos\Perfiles_de_bases_de_datos\DB_Profiles_Main_Screen.htm
Fuentes_de_datos\Perfiles_de_bases_de_datos\DB_Read_SQL.htm
Fuentes_de_datos\Perfiles_de_bases_de_datos\DB_Write_SQL.htm
Fuentes_de_datos\Ramas_de_TeamSite\New_TeamSite_Branch_Definition.htm
Fuentes_de_datos\Ramas_de_TeamSite\TeamSite_Source_Branches.htm
Fuentes_de_datos\Ramas_de_TeamSite\TeamSite_Target_Branches.htm
Fuentes_de_datos\Reglas_de_vista_previa_de_la_base_de_datos\Create_Modify_DB_Preview_Rules.htm
Fuentes_de_datos\Reglas_de_vista_previa_de_la_base_de_datos\DB_Preview_Rules_Main_Screen.htm
Fuentes_de_datos\Reglas_XML\Create_Modify_XML_Rules.htm
Fuentes_de_datos\Reglas_XML\XML_Rules_Main_Screen.htm
Fuentes_de_datos\Ubicaciones_de_exportaci_n\Export_Locations_Main_Screen.htm
Glosario\Activity.htm
Glosario\Activity_Status_Summary.htm
Glosario\Activity_Type.htm
Glosario\Deletable_Content.htm
Glosario\Generic_Snippet.htm
Glosario\GS-tagged_Source_Page.htm
Glosario\GS-Tagged_Source_Page_Example.htm
Glosario\GS_Tag.htm
Glosario\GS_Tag_Syntax.htm
Glosario\Job.htm
Glosario\Locale.htm
Glosario\Locale_Manager.htm
Glosario\Locale_Pair.htm
Glosario\Localization_Profile.htm
Glosario\Placeholder_Tags.htm
Glosario\Project.htm
Glosario\Segment.htm
Glosario\Snippet.htm
Glosario\Snippet_Import_File.htm
Glosario\Snippet_Library.htm
Glosario\Snippet_Library_File_Example.htm
Glosario\Specific_Snippet.htm
Glosario\Termbase.htm
Glosario\TM.htm
Glosario\TM_Matches.htm
Glosario\Workflow.htm
Glosario\Workflow_Status_Summary.htm
Informes\Average_Percent_Complete_Report.htm
Informes\Job_Details_Report.htm
Informes\Reports_Main_Screen.htm
Informes\TM_Report.htm
Informes\Workflow_Status_Report.htm
Mis_actividades\Available_Activity_Details.htm
Mis_actividades\Available_Activity_Tab.htm
Mis_actividades\Download.htm
Mis_actividades\Finished_Activity_Tab.htm
Mis_actividades\In_Progress_Activity_Details.htm
Mis_actividades\In_Progress_Activity_Tab.htm
Mis_actividades\Main_Editor.htm
Mis_actividades\My_Activities.htm
Mis_actividades\Procedimientos\Get_Started.htm
Mis_actividades\Procedimientos\Manage_Activities.htm
Mis_actividades\Rejected_Activity_Tab.htm
Mis_actividades\Segment_Editor_(Image).htm
Mis_actividades\Segment_Editor_(Text).htm
Mis_actividades\Select_Snippet.htm
Mis_actividades\Snippet_and_Content_Editor.htm
Mis_actividades\Snippet_Editor.htm
Mis_actividades\Upload.htm
Mis_actividades\Working_With_Downloaded_Files.htm
Mis_trabajos\Archived_Workflow_Tab.htm
Mis_trabajos\Exported_Workflow_Tab.htm
Mis_trabajos\Import_Error.htm
Mis_trabajos\In_Progress_Workflow_Tab.htm
Mis_trabajos\Job_Details.htm
Mis_trabajos\Localized_Workflow_Tab.htm
Mis_trabajos\Pending_Workflow_Tab.htm
Mis_trabajos\Procedimientos\Export_Pages.htm
Mis_trabajos\Procedimientos\Reassign_an_Activity_howdoI.htm
My_Account.htm
Overview.htm
ehlpdhtm.js
RoboHHRE.lng
default.css
loop2.gif
looping.gif
two-stage.gif
node_start.gif
report_refresh.gif
report_last_page.gif
Plus_19x19.gif
node_end.gif
button_arrow.gif
node_condition.gif
editorNextSegment.gif
editorNoSplit.gif
node_activity.gif
report_next_page.gif
button_activity_node.gif
report_previous_page.gif
report_first_page.gif
editorPreviousSegment.gif
simple.gif
report_search.gif
report_export.gif
image47.gif
horiz_blue_thin.jpg
report_pdf.gif
arrow.gif
button_pointer.gif
editorHorzSplit.gif
button_save.gif
button_start_end_node.gif
editorVertSplit.gif
button_condition_node.gif
report_mail.gif
System4.ppf
default_ns.css
whxdata\whtdata0.xml
whxdata\whtdata1.xml
whxdata\whtdata2.xml
whxdata\whtdata3.xml
whxdata\whtdata4.xml
whxdata\whidata0.xml
whxdata\whidata1.xml
whxdata\whidata2.xml
whxdata\whidata3.xml
whxdata\whidata4.xml
whxdata\whidata5.xml
whxdata\whidata6.xml
whxdata\whidata7.xml
whxdata\whidata8.xml
whxdata\whidata9.xml
whxdata\whidata10.xml
whxdata\whidata11.xml
whxdata\whidata12.xml
whxdata\whidata13.xml
whxdata\whidata14.xml
whxdata\whidata15.xml
whxdata\whidata16.xml
whxdata\whidata17.xml
whxdata\whidata18.xml
whxdata\whidata19.xml
whxdata\whidata20.xml
whxdata\whidata21.xml
whxdata\whidata22.xml
whxdata\whidata23.xml
whxdata\whidata24.xml
whxdata\whidata25.xml
whxdata\whidata26.xml
whxdata\whidata27.xml
whxdata\whidata28.xml
whxdata\whidata29.xml
whxdata\whidata30.xml
whxdata\whidata31.xml
whxdata\whidata32.xml
whxdata\whidata33.xml
whxdata\whidata34.xml
whxdata\whidata35.xml
whxdata\whidata36.xml
whxdata\whidata37.xml
whxdata\whidata38.xml
whxdata\whidata39.xml
whxdata\whidata40.xml
whxdata\whidata41.xml
whxdata\whidata42.xml
whxdata\whidata43.xml
whxdata\whidata44.xml
whxdata\whidata45.xml
whxdata\whidata46.xml
whxdata\whidata47.xml
whxdata\whidata48.xml
whxdata\whidata49.xml
whxdata\whidata50.xml
whxdata\whidata51.xml
whxdata\whidata52.xml
whxdata\whidata53.xml
whxdata\whidata54.xml
whxdata\whidata55.xml
whxdata\whidata56.xml
whxdata\whidata57.xml
whxdata\whidata58.xml
whxdata\whidata59.xml
whxdata\whidata60.xml
whxdata\whidata61.xml
whxdata\whidata62.xml
whxdata\whidata63.xml
whxdata\whidata64.xml
whxdata\whidata65.xml
whxdata\whidata66.xml
whxdata\whidata67.xml
whxdata\whidata68.xml
whxdata\whidata69.xml
whxdata\whidata70.xml
whxdata\whidata71.xml
whxdata\whidata72.xml
whxdata\whidata73.xml
whxdata\whidata74.xml
whxdata\whidata75.xml
whxdata\whidata76.xml
whxdata\whidata77.xml
whxdata\whftdata0.xml
whxdata\whftdata1.xml
whxdata\whfwdata0.xml
whxdata\whfwdata1.xml
whxdata\whfwdata2.xml
whxdata\whfwdata3.xml
whxdata\whfwdata4.xml
whxdata\whfwdata5.xml
whxdata\whfwdata6.xml
whxdata\whfwdata7.xml
whxdata\whfwdata8.xml
whxdata\whfwdata9.xml
whdata\whtdata0.htm
whdata\whtdata1.htm
whdata\whtdata2.htm
whdata\whtdata3.htm
whdata\whtdata4.htm
whdata\whidata0.htm
whdata\whidata1.htm
whdata\whidata2.htm
whdata\whidata3.htm
whdata\whidata4.htm
whdata\whidata5.htm
whdata\whidata6.htm
whdata\whidata7.htm
whdata\whidata8.htm
whdata\whidata9.htm
whdata\whidata10.htm
whdata\whidata11.htm
whdata\whidata12.htm
whdata\whidata13.htm
whdata\whidata14.htm
whdata\whidata15.htm
whdata\whidata16.htm
whdata\whidata17.htm
whdata\whidata18.htm
whdata\whidata19.htm
whdata\whidata20.htm
whdata\whidata21.htm
whdata\whidata22.htm
whdata\whidata23.htm
whdata\whidata24.htm
whdata\whidata25.htm
whdata\whidata26.htm
whdata\whidata27.htm
whdata\whidata28.htm
whdata\whidata29.htm
whdata\whidata30.htm
whdata\whidata31.htm
whdata\whidata32.htm
whdata\whidata33.htm
whdata\whidata34.htm
whdata\whidata35.htm
whdata\whidata36.htm
whdata\whidata37.htm
whdata\whidata38.htm
whdata\whidata39.htm
whdata\whidata40.htm
whdata\whidata41.htm
whdata\whidata42.htm
whdata\whidata43.htm
whdata\whidata44.htm
whdata\whidata45.htm
whdata\whidata46.htm
whdata\whidata47.htm
whdata\whidata48.htm
whdata\whidata49.htm
whdata\whidata50.htm
whdata\whidata51.htm
whdata\whidata52.htm
whdata\whidata53.htm
whdata\whidata54.htm
whdata\whidata55.htm
whdata\whidata56.htm
whdata\whidata57.htm
whdata\whidata58.htm
whdata\whidata59.htm
whdata\whidata60.htm
whdata\whidata61.htm
whdata\whidata62.htm
whdata\whidata63.htm
whdata\whidata64.htm
whdata\whidata65.htm
whdata\whidata66.htm
whdata\whidata67.htm
whdata\whidata68.htm
whdata\whidata69.htm
whdata\whidata70.htm
whdata\whidata71.htm
whdata\whidata72.htm
whdata\whidata73.htm
whdata\whidata74.htm
whdata\whidata75.htm
whdata\whidata76.htm
whdata\whidata77.htm
whdata\whftdata0.htm
whdata\whftdata1.htm
whdata\whfwdata0.htm
whdata\whfwdata1.htm
whdata\whfwdata2.htm
whdata\whfwdata3.htm
whdata\whfwdata4.htm
whdata\whfwdata5.htm
whdata\whfwdata6.htm
whdata\whfwdata7.htm
whdata\whfwdata8.htm
whdata\whfwdata9.htm
whgdata\whlstt0.htm
whgdata\whlstt1.htm
whgdata\whlstt2.htm
whgdata\whlstt3.htm
whgdata\whlstt4.htm
whgdata\whlstt5.htm
whgdata\whlstt6.htm
whgdata\whlstt7.htm
whgdata\whlstt8.htm
whgdata\whlstt9.htm
whgdata\whlstt10.htm
whgdata\whlstt11.htm
whgdata\whlstt12.htm
whgdata\whlstt13.htm
whgdata\whlstt14.htm
whgdata\whlstt15.htm
whgdata\whlstt16.htm
whgdata\whlstt17.htm
whgdata\whlstt18.htm
whgdata\whlstt19.htm
whgdata\whlstt20.htm
whgdata\whlstt21.htm
whgdata\whlstt22.htm
whgdata\whlstt23.htm
whgdata\whlstt24.htm
whgdata\whlstt25.htm
whgdata\whlstt26.htm
whgdata\whlstt27.htm
whgdata\whlstt28.htm
whgdata\whlstt29.htm
whgdata\whlstt30.htm
whgdata\whlstt31.htm
whgdata\whlstt32.htm
whgdata\whlstt33.htm
whgdata\whlstt34.htm
whgdata\whlstt35.htm
whgdata\whlstt36.htm
whgdata\whlstt37.htm
whgdata\whlsti0.htm
whgdata\whlsti1.htm
whgdata\whlsti2.htm
whgdata\whlsti3.htm
whgdata\whlsti4.htm
whgdata\whlsti5.htm
whgdata\whlsti6.htm
whgdata\whlsti7.htm
whgdata\whlsti8.htm
whgdata\whlsti9.htm
whgdata\whlsti10.htm
whgdata\whlsti11.htm
whgdata\whlsti12.htm
whgdata\whlsti13.htm
whgdata\whlsti14.htm
whgdata\whlsti15.htm
whgdata\whlstfl0.htm
whgdata\whlstfl1.htm
whgdata\whlstfl2.htm
whgdata\whlstfl3.htm
whgdata\whlstfl4.htm
whgdata\whlstfl5.htm
whgdata\whlstfl6.htm
whgdata\whlstfl7.htm
whgdata\whlstfl8.htm
whgdata\whlstfl9.htm
whgdata\whlstfl10.htm
whgdata\whlstfl11.htm
whgdata\whlstfl12.htm
whgdata\whlstfl13.htm
whgdata\whlstfl14.htm
whgdata\whlstfl15.htm
whgdata\whlstfl16.htm
whgdata\whlstfl17.htm
whgdata\whlstfl18.htm
whgdata\whlstfl19.htm
whgdata\whlstfl20.htm
whgdata\whlstfl21.htm
whgdata\whlstfl22.htm
whgdata\whlstfl23.htm
whgdata\whlstfl24.htm
whgdata\whlstfl25.htm
whgdata\whlstf0.htm
whgdata\whlstf1.htm
whgdata\whlstf2.htm
whgdata\whlstf3.htm
whgdata\whlstf4.htm
whgdata\whlstf5.htm
whgdata\whlstf6.htm
whgdata\whlstf7.htm
whgdata\whlstf8.htm
whgdata\whlstf9.htm
whgdata\whlstf10.htm
whgdata\whlstf11.htm
whgdata\whlstf12.htm
whgdata\whlstf13.htm
whgdata\whlstf14.htm
whgdata\whlstf15.htm
whgdata\whlstf16.htm
whgdata\whlstf17.htm
whgdata\whlstf18.htm
whgdata\whlstf19.htm
whgdata\whlstg0.htm
System4.htm
System4_csh.htm
System4_rhc.htm
