|SourceProjectName:GlobalSight.hpr
|DestinationProjectName:GlobalSight.htm
whhost.js
whmsg.js
whmozemu.js
whproxy.js
whstub.js
whutils.js
whver.js
whform.js
whphost.js
whstart.js
whtopic.js
whframes.js
whlang.js
whskin_info.htm
whskin_blank.htm
whskin_pickup.htm
whskin_homepage.htm
whnjs.htm
whthost.js
whtdhtml.htm
whihost.js
whibody.htm
whiform.htm
whfhost.js
whfbody.htm
whfform.htm
whghost.js
whgbody.htm
whgdhtml.htm
whgdef.htm
whproj.js
whproj.xml
whproj.htm
whxdata\whtoc.xml
whxdata\whidx.xml
whxdata\whfts.xml
whxdata\whglo.xml
whdata\whtoc.js
whdata\whtoc.htm
whdata\whtdata.js
whdata\whidx.js
whdata\whidx.htm
whdata\whidata.js
whdata\whfts.js
whdata\whfts.htm
whdata\whglo.js
whdata\whglo.htm
whdata\whgdata.js
whdata\whftdata.js
whdata\whfwdata.js
whres.xml
WebHelp.jar
WebHelp.cab
whgdata\whnvp30.htm
whgdata\whnvp31.htm
whgdata\whnvp32.htm
whgdata\whnvp33.htm
whgdata\whnvt30.htm
whgdata\whnvt31.htm
whgdata\whnvt32.htm
whgdata\whnvt33.htm
whgdata\whnvf30.htm
whgdata\whnvf31.htm
whgdata\whnvf32.htm
whgdata\whnvf33.htm
whgdata\whnvl31.htm
whgdata\whnvl32.htm
whgdata\whnvl33.htm
whgdata\whexpbar.gif
cshdat_webhelp.htm
whcsh_home.htm
whcshdata.htm
cshdat_robohelp.htm
wht_tab0.gif
wht_tab1.gif
wht_tab2.gif
wht_tab3.gif
wht_tab4.gif
wht_tab5.gif
wht_tab6.gif
wht_tab7.gif
wht_tab8.gif
wht_glo_h.gif
wht_glo_n.gif
wht_fts_h.gif
wht_fts_n.gif
wht_idx_h.gif
wht_idx_n.gif
wht_toc_h.gif
wht_toc_n.gif
wht_ws.gif
wht_ws_g.gif
wht_logo1.gif
wht_logo2.gif
wht_abgw.jpg
wht_abgi.jpg
wht_abge.jpg
wht_abtw.jpg
wht_abte.jpg
wht_abti.jpg
wht_spac.gif
wht_next.gif
wht_next_g.gif
wht_prev.gif
wht_prev_g.gif
wht_sync.gif
wht_hide.gif
wht_go.gif
whstart.ico
whestart.ico
whrstart.ico
whidhtml.htm
whfdhtml.htm
whskin_banner.htm
whtbar.js
Default.skn
S4-logo.gif
whskin_pdhtml.htm
whskin_papplet.htm
whskin_plist.htm
whskin_tbars.htm
whskin_mbars.htm
wht_toc4.gif
wht_toc1.gif
wht_toc2.gif
wht_toc3.gif
whskin_frmset010.htm
whst_topics.xml
whskin_frmset01.htm
Account_Options.htm
Appendix\Alignment\Align_Menu.htm
Appendix\Alignment\Aligning_Segments.htm
Appendix\Alignment\File_Menu.htm
Appendix\Alignment\Help_Menu.htm
Appendix\Alignment\Overview1.htm
Appendix\Alignment\Starting_an_Alignment_Project.htm
Appendix\Alignment\Uploading_Alignment_Work_to_GlobalSight.htm
Appendix\Auto-Import_Configuration.htm
Appendix\Browser_Settings.htm
Appendix\Database_Integration\Pending_Records_Table.htm
Appendix\Database_Integration\Preview_Rules_Sample.htm
Appendix\Database_Integration\Writing_DB_Preview_Rules.htm
Appendix\Dependencies_Exist.htm
Appendix\Exclude_Item_Types.htm
Appendix\GlobalSight_Configuration_Files\Customizing_Extraction_Rules.htm
Appendix\GlobalSight_Configuration_Files\Customizing_Segmentation_Rules.htm
Appendix\Job_Costing.htm
Appendix\Linguistic_FAQ\Do_Fuzzy_Matches_have_formatting.htm
Appendix\Linguistic_FAQ\How_are_TM_Fuzzy_Matching_scores_calculated.htm
Appendix\Linguistic_FAQ\How_do_TM_highlighting_and_TM_locking_work_for_each_type_of_TM_match.htm
Appendix\Linguistic_FAQ\How_does_Exclude_Item_Types_work.htm
Appendix\Linguistic_FAQ\How_does_GlobalSight_decide_how_many_Fuzzy_Matches_to_display_to_the_user.htm
Appendix\Linguistic_FAQ\How_does_GlobalSight_decide_what_is_translatable_in_a_page.htm
Appendix\Linguistic_FAQ\How_does_GlobalSight_Word_Count_work.htm
Appendix\Linguistic_FAQ\How_does_TM_highlighting_work.htm
Appendix\Linguistic_FAQ\How_does_TM_locking_work.htm
Appendix\Linguistic_FAQ\How_is_a_GlobalSight_segment_different_from_a_Trados_segment.htm
Appendix\Linguistic_FAQ\How_is_GlobalSight_Word_Count_different_from_that_of_Trados.htm
Appendix\Linguistic_FAQ\Is_extraction_customizable_in_GlobalSight.htm
Appendix\Linguistic_FAQ\Is_segmentation_customizable_in_GlobalSight.htm
Appendix\Linguistic_FAQ\What_are_UTF-8_and_UTF-16.htm
Appendix\Linguistic_FAQ\What_is_a_Leverage_Group_Exact_Match_(LGEM).htm
Appendix\Linguistic_FAQ\What_is_a_Localizable_segment_and_how_is_it_handled_in_TM.htm
Appendix\Linguistic_FAQ\What_is_a_Segment.htm
Appendix\Linguistic_FAQ\What_is_a_Terminology_Database.htm
Appendix\Linguistic_FAQ\What_is_Translation_Memory.htm
Appendix\Linguistic_FAQ\When_are_segments_read_from_TM.htm
Appendix\Linguistic_FAQ\When_are_segments_saved_to_TM.htm
Appendix\Linguistic_FAQ\Why_does_importing_take_so_long.htm
Appendix\Locale_Content_Management\GS-Tagged_Source_Page_Example.htm
Appendix\Locale_Content_Management\GS_Tag_Syntax.htm
Appendix\Locale_Content_Management\Local_Content_Management_(Snippets).htm
Appendix\Locale_Content_Management\Snippet_Library_File_Example.htm
Appendix\Office_Adapter.htm
Appendix\Placeholder_Tags\Placeholder_Tags_(Additional_Information).htm
Appendix\Placeholder_Tags\Placeholder_Tags_(Errors).htm
Appendix\Preparing_Documents_for_Import.htm
Appendix\Progress_Bar.htm
Appendix\Supported_Data_Formats.htm
Appendix\Working_Offline\RTF_(List_View)\How_to_Save_Files_for_Upload.htm
Appendix\Working_Offline\RTF_(List_View)\OL_Index.htm
Appendix\Working_Offline\RTF_(List_View)\Tips_For_Working_With_Large_RTF_Files.htm
Appendix\Working_Offline\RTF_(List_View)\Working_Offline.htm
Appendix\Working_Offline\RTF_(Paragraph_Mode)\GlobalSight_Options.htm
Appendix\Working_Offline\RTF_(Paragraph_Mode)\Colors.htm
Appendix\Working_Offline\RTF_(Paragraph_Mode)\Document_Check.htm
Appendix\Working_Offline\RTF_(Paragraph_Mode)\Editing_Text.htm
Appendix\Working_Offline\RTF_(Paragraph_Mode)\Job_Information.htm
Appendix\Working_Offline\RTF_(Paragraph_Mode)\OL_index.htm
Appendix\Working_Offline\RTF_(Paragraph_Mode)\Overview.htm
Appendix\Working_Offline\RTF_(Paragraph_Mode)\Segment_Editor.htm
Appendix\Working_Offline\RTF_(Paragraph_Mode)\Startup.htm
Appendix\Working_Offline\RTF_(Paragraph_Mode)\Toolbar.htm
Appendix\Working_Offline\RTF_(Paragraph_Mode)\Working_with_Placeholder_Tags.htm
Appendix\Writing_XML_Rules.htm
Contact_Information.htm
Content_Management\Content_Management_Overview.htm
Customer_Upload\Basic_Information.htm
Customer_Upload\Select_Files_to_Upload.htm
Customer_Upload\Upload_Summary.htm
Data_Sources\Corpus_Aligner\Aligner_Package_Creation_Status.htm
Data_Sources\Corpus_Aligner\Aligner_Packages.htm
Data_Sources\Corpus_Aligner\Alignment_Parameters.htm
Data_Sources\Corpus_Aligner\Create_Aligner_Package.htm
Data_Sources\Corpus_Aligner\Download_Aligner_Package.htm
Data_Sources\Corpus_Aligner\Select_Files_To_Align_(Create_p.2).htm
Data_Sources\Corpus_Aligner\Upload_Aligner_Package.htm
Data_Sources\Data_Sources_Menu.htm
Data_Sources\Database_Connections\Create_Modify_DB_Connection.htm
Data_Sources\Database_Connections\DB_Connections_Main_Screen.htm
Data_Sources\Database_Import_Settings\Create_Modify_Import_Settings.htm
Data_Sources\Database_Import_Settings\DB_Import_Settings_Main_Screen.htm
Data_Sources\Database_Preview_Rules\Create_Modify_DB_Preview_Rules.htm
Data_Sources\Database_Preview_Rules\DB_Preview_Rules_Main_Screen.htm
Data_Sources\Database_Profiles\Basic_Information_DB_Profiles.htm
Data_Sources\Database_Profiles\Columns.htm
Data_Sources\Database_Profiles\Create_Modify_Column.htm
Data_Sources\Database_Profiles\DB_Preview_SQL.htm
Data_Sources\Database_Profiles\DB_Profiles_Main_Screen.htm
Data_Sources\Database_Profiles\DB_Read_SQL.htm
Data_Sources\Database_Profiles\DB_Write_SQL.htm
Data_Sources\Export_Locations\Create_Edit_Location.htm
Data_Sources\Export_Locations\Export_Locations_Main_Screen.htm
Data_Sources\File_Extensions\Create_File_Extension.htm
Data_Sources\File_Extensions\File_Extensions_Main_Screen.htm
Data_Sources\File_Profiles\Create_Modify_File_Profile.htm
Data_Sources\File_Profiles\File_Profiles_Main_Screen.htm
Data_Sources\Import\Enter_Job_Name_(Import_p.3).htm
Data_Sources\Import\Import_Main_Screen.htm
Data_Sources\Import\Map_Files.htm
Data_Sources\Import\Select_Files_To_Import.htm
Data_Sources\SGML_Rules\Create_DTD.htm
Data_Sources\SGML_Rules\Edit_Rules.htm
Data_Sources\SGML_Rules\SGML_Rules.htm
Data_Sources\SGML_Rules\Upload_DTD.htm
Data_Sources\XML_Rules\Create_Modify_XML_Rules.htm
Data_Sources\XML_Rules\XML_Rules_Main_Screen.htm
Detailed_Word_Counts.htm
Email_Notification.htm
Glossary\Activity.htm
Glossary\Activity_Status_Summary.htm
Glossary\Activity_Type.htm
Glossary\Default_Path.htm
Glossary\Deletable_Content.htm
Glossary\Extracted_File.htm
Glossary\Fixed_Rates.htm
Glossary\Flat_Surcharge.htm
Glossary\Generic_Snippet.htm
Glossary\GS-tagged_Source_Page.htm
Glossary\GS_Tag.htm
Glossary\Hourly_Rates.htm
Glossary\Job.htm
Glossary\Locale.htm
Glossary\Locale_Manager.htm
Glossary\Locale_Pair.htm
Glossary\Localizables.htm
Glossary\Localization_Profile.htm
Glossary\No_Match_Repetitions.htm
Glossary\Optional_Features.htm
Glossary\Page_Rates.htm
Glossary\Page_TM.htm
Glossary\Percentage_Surcharge.htm
Glossary\Placeholder_Tags.htm
Glossary\Primary_Target_File.htm
Glossary\Project.htm
Glossary\Secondary_Target_File.htm
Glossary\Segment.htm
Glossary\Snippet.htm
Glossary\Snippet_Import_File.htm
Glossary\Snippet_Library.htm
Glossary\Specific_Snippet.htm
Glossary\Termbase.htm
Glossary\TM.htm
Glossary\TM_Matches.htm
Glossary\TM_Profile.htm
Glossary\Translation_Unit.htm
Glossary\Translation_Unit_Variant.htm
Glossary\Type.htm
Glossary\Unextracted_File.htm
Glossary\Word_Count_Rates.htm
Glossary\Workflow.htm
Glossary\Workflow_Status_Summary.htm
Home.htm
My_Activities\Add_Comments1.htm
My_Activities\Attach_Files1.htm
My_Activities\Available_Activity_Details.htm
My_Activities\Available_Activity_Tab.htm
My_Activities\Concordance_Search.htm
My_Activities\Corpus_Results.htm
My_Activities\Create_Edit_Segment_Comment.htm
My_Activities\Detailed_Word_Counts.htm
My_Activities\Detailed_Word_Counts2.htm
My_Activities\Download.htm
My_Activities\Download_in_Progress.htm
My_Activities\Finished_Activity_Tab.htm
My_Activities\In_Progress_Activity_Details.htm
My_Activities\In_Progress_Activity_Tab.htm
My_Activities\List_Comments.htm
My_Activities\Main_Editor.htm
My_Activities\Main_Editor_Options.htm
My_Activities\Main_Editor_Options_(Inline).htm
My_Activities\Main_Editor_Para.htm
My_Activities\My_Activities.htm
My_Activities\My_Activities_-_Search.htm
My_Activities\Rejected_Activity_Tab.htm
My_Activities\Review_Window.htm
My_Activities\Segment_Comments.htm
My_Activities\Segment_Editor_(Image).htm
My_Activities\Segment_Editor_(Text).htm
My_Activities\Segment_Editor_Options.htm
My_Activities\Select_a_Termbase.htm
My_Activities\Select_Snippet.htm
My_Activities\Snippet_and_Content_Editor.htm
My_Activities\Snippet_Editor.htm
My_Activities\Source_Word_Count.htm
My_Activities\Support_Files.htm
My_Activities\TM_Window_(Inline).htm
My_Activities\Upload.htm
My_Activities\Upload_Error.htm
My_Jobs\Add_Comments.htm
My_Jobs\Add_Workflow.htm
My_Jobs\Archived_Workflow_Tab.htm
My_Jobs\Attach_Files.htm
My_Jobs\Change_Workflow_Managers.htm
My_Jobs\Create_Edit_Surcharges.htm
My_Jobs\Customer_Jobs\Assign_User.htm
My_Jobs\Customer_Jobs\Download_Progress.htm
My_Jobs\Customer_Jobs\My_Jobs.htm
My_Jobs\Customer_Jobs\Segment_Comments.htm
My_Jobs\Customer_Jobs\Select_Files_To_Download.htm
My_Jobs\Customer_Jobs\View_Comments.htm
My_Jobs\Customer_Jobs\View_File_List.htm
My_Jobs\Detailed_Word_Count.htm
My_Jobs\Edit_Final_Cost.htm
My_Jobs\Edit_Pages.htm
My_Jobs\Edit_Planned_Completion_Date.htm
My_Jobs\Edit_Word_Count.htm
My_Jobs\Export.htm
My_Jobs\Export_Error.htm
My_Jobs\Export_Source.htm
My_Jobs\Exported_Workflow_Tab.htm
My_Jobs\Import_Error.htm
My_Jobs\In_Progress_Workflow_Tab.htm
My_Jobs\Job_Comments.htm
My_Jobs\Job_Details.htm
My_Jobs\Jobs_-_Search.htm
My_Jobs\Localized_Workflow_Tab.htm
My_Jobs\Pending_Workflow_Tab.htm
My_Jobs\Rate_Vendor.htm
My_Jobs\Re-Assign.htm
My_Jobs\Ready_Workflow_Tab.htm
My_Jobs\Search_(Search_Replace_p.1).htm
My_Jobs\Search_Results_(Search_Replace_p.2).htm
My_Jobs\Surcharges.htm
My_Jobs\Target_Word_Count.htm
My_Jobs\Vendor_Ratings.htm
My_Jobs\Workflow_Details.htm
My_Jobs\Workflow_Editor.htm
My_Account.htm
Overview.htm
Overview_-_Customer.htm
Overview_LP.htm
Overview_PM.htm
Overview_WM.htm
Reports\Average_Percent_Complete_Report.htm
Reports\Cost_Report.htm
Reports\Export_Report.htm
Reports\Find.htm
Reports\Job_Details_Report.htm
Reports\Mail_Report.htm
Reports\Missing_Terms.htm
Reports\Reports_Admin.htm
Reports\Reports_Composer.htm
Reports\Reports_Main_Screen.htm
Reports\Term_Audit.htm
Reports\TM_Report.htm
Reports\Workflow_Status_Report.htm
Setup\Activity_Types\Activity_Types_Main_Screen.htm
Setup\Activity_Types\Create_Modify_Activity_Type.htm
Setup\Calendars\Assigning_Holidays.htm
Setup\Calendars\Create_Edit_System_Calendar.htm
Setup\Calendars\Create_Edit_System_Holiday.htm
Setup\Calendars\System_Calendars.htm
Setup\Calendars\System_Holidays.htm
Setup\Calendars\User_Calendars.htm
Setup\Currency\Create_Modify_Currency.htm
Setup\Currency\Currency_Main_Screen.htm
Setup\Locale_Pairs\Create_Locale_Pair.htm
Setup\Locale_Pairs\Locale_Pairs_Main_Screen.htm
Setup\Localization_Profiles\Add_Edit_Workflows.htm
Setup\Localization_Profiles\Attach_Workflows_to_Target_Locales.htm
Setup\Localization_Profiles\Basic_Information_LP.htm
Setup\Localization_Profiles\Duplicate_Localization_Profile.htm
Setup\Localization_Profiles\Job_Timers.htm
Setup\Localization_Profiles\Localization_Profiles_Main_Screen.htm
Setup\Logs\Log_Files.htm
Setup\Permission_Groups\Edit_Permission_Group_-_Basic_Information.htm
Setup\Permission_Groups\Edit_Permission_Group_-_Users.htm
Setup\Permission_Groups\Edit_Premossion_Group_-_Permissions.htm
Setup\Permission_Groups\New_Edit_Permission_Group_-_Permissions.htm
Setup\Permission_Groups\New_Permission_Group_-_Basic_Information.htm
Setup\Permission_Groups\New_Permission_Group_-_Users.htm
Setup\Permission_Groups\Permission_Group_(Details).htm
Setup\Permission_Groups\Permission_Groups.htm
Setup\Projects\Column_Mapping.htm
Setup\Projects\Create_Modify_Project.htm
Setup\Projects\Export_Schedules.htm
Setup\Projects\Exporting..._(Export_p.3)1.htm
Setup\Projects\Import_Schedule_Data_(Import_p.3).htm
Setup\Projects\Import_Schedules.htm
Setup\Projects\Output_Options_(Export_p.2)2.htm
Setup\Projects\Project_Users.htm
Setup\Projects\Projects_Main_Screen.htm
Setup\Projects\Verify_CSV_Columns_(Import_p.2)1.htm
Setup\Projects\View_Project.htm
Setup\Rates\Create_Modify_Rate.htm
Setup\Rates\Rate_Main_Screen.htm
Setup\Setup.htm
Setup\Snippet_Import\Import_Snippet_File.htm
Setup\Snippet_Import\Import_Snippet_Files.htm
Setup\Snippet_Import\Testing_Import.htm
Setup\Support_Files\Support_Files_Main_Screen.htm
Setup\Support_Files\Upload_Support_Files.htm
Setup\System_Parameters\System_Parameters.htm
Setup\System_Shutdown\System_Shutdown.htm
Setup\Terminology\Add_Field_Constraint.htm
Setup\Terminology\Add_Language_Constraint.htm
Setup\Terminology\Add_Link.htm
Setup\Terminology\Add_Synonym_Constraint.htm
Setup\Terminology\Anonymous_Termbase_Access.htm
Setup\Terminology\Browse_Termbase.htm
Setup\Terminology\Create_Edit_Field.htm
Setup\Terminology\Create_Edit_Input_Model.htm
Setup\Terminology\Create_Modify_Clone_Termbase.htm
Setup\Terminology\Define_Termbase_Column.htm
Setup\Terminology\Entry_Editor.htm
Setup\Terminology\Export.htm
Setup\Terminology\Exporting...(Export_p.3).htm
Setup\Terminology\Import.htm
Setup\Terminology\Import_into_Termbase.htm
Setup\Terminology\Indexing_Termbase.htm
Setup\Terminology\Insert_Image.htm
Setup\Terminology\Manage_Input_Models.htm
Setup\Terminology\New_Field.htm
Setup\Terminology\Output_Options_(Export_p.2)1.htm
Setup\Terminology\Replacing_in_Termbase.htm
Setup\Terminology\Schedule_Re-Indexing.htm
Setup\Terminology\Searching_Termbase_(Maintenance_p.2).htm
Setup\Terminology\Set_Import_Options_(Import_p.3).htm
Setup\Terminology\Term_Link.htm
Setup\Terminology\Termbase_Indexes.htm
Setup\Terminology\Termbase_Maintenance.htm
Setup\Terminology\Termbase_Search_Results_(Maintenance_p.3).htm
Setup\Terminology\Terminology_Main_Screen.htm
Setup\Terminology\Verify_CSV_Columns_(Import_p.2).htm
Setup\Translation_Memory\Create_Modify_Translation_Memory.htm
Setup\Translation_Memory\Export_TM.htm
Setup\Translation_Memory\Exporting..._(Export_p.3).htm
Setup\Translation_Memory\Import_TM.htm
Setup\Translation_Memory\Output_Options_(Export_p.2).htm
Setup\Translation_Memory\Reindex_TM.htm
Setup\Translation_Memory\Reindexing_TM.htm
Setup\Translation_Memory\Remove_TM.htm
Setup\Translation_Memory\Replacement_Results_(Search_and_Replace_p.3).htm
Setup\Translation_Memory\Results.htm
Setup\Translation_Memory\Search_and_Replace.htm
Setup\Translation_Memory\Segment_Deletion_Results.htm
Setup\Translation_Memory\Set_Import_Options_(Import_p.2).htm
Setup\Translation_Memory\Translation_Memory_Main_Screen.htm
Setup\Translation_Memory_Profiles\Create_Modify_TM_Profile.htm
Setup\Translation_Memory_Profiles\Translation_Memory_Profiles_Main.htm
Setup\Users\Add_Edit_Event.htm
Setup\Users\Contact_Info.htm
Setup\Users\Edit_Calendar.htm
Setup\Users\Edit_Roles.htm
Setup\Users\Field_Level_Access.htm
Setup\Users\Filter_User_List.htm
Setup\Users\New_User_-_Permission_Group.htm
Setup\Users\Projects.htm
Setup\Users\Roles_List.htm
Setup\Users\User_Details.htm
Setup\Users\User_Information.htm
Setup\Users\Users_Main_Screen.htm
Setup\Users\View_User_Events.htm
Setup\Workflows\Basic_Information_Workflows.htm
Setup\Workflows\Duplicate_Workflow.htm
Setup\Workflows\Edit_Activity_in_Workflow.htm
Setup\Workflows\Graphical_Workflow.htm
Setup\Workflows\Sample_Workflows\Looping_Workflow.htm
Setup\Workflows\Sample_Workflows\Looping_Workflow_with_Finish_Options.htm
Setup\Workflows\Sample_Workflows\One_Activity_Workflow.htm
Setup\Workflows\Sample_Workflows\Two_Activity_Workflow.htm
Setup\Workflows\Search_Workflows.htm
Setup\Workflows\Workflows.htm
Setup\Workflows\Workflows_-_Search.htm
tempmr.htm
Vendor_Management\Basic_Information.htm
Vendor_Management\Contact_Information1.htm
Vendor_Management\Create_Edit_Rating.htm
Vendor_Management\Custom_Form_Designer.htm
Vendor_Management\CV_Resume.htm
Vendor_Management\Edit_Role_(Edit_Vendor).htm
Vendor_Management\Edit_Vendor_-_Roles.htm
Vendor_Management\Field_Level_Access.htm
Vendor_Management\New_Role_(Edit_Vendor).htm
Vendor_Management\New_Topic.htm
Vendor_Management\Permissions.htm
Vendor_Management\Projects.htm
Vendor_Management\Ratings.htm
Vendor_Management\Roles.htm
Vendor_Management\Roles_List_(Edit_Vendor).htm
Vendor_Management\Search_Vendors.htm
Vendor_Management\Vendor_Details.htm
Vendor_Management\Vendors.htm
eHelp.xml
ehlpdhtm.js
RoboHHRE.lng
default.css
System4.css
image124.gif
image113.gif
image102.gif
image71.gif
node_condition.gif
node_activity.gif
button_condition_node.gif
editorNoSplit.gif
horiz_blue_thin.jpg
image114.gif
image103.gif
image72.gif
looping.gif
image126.gif
image115.gif
image104.gif
image95.gif
image84.gif
image127.gif
image116.gif
image105.gif
image96.gif
image85.gif
editorNextSegment.gif
image128.gif
image117.gif
image106.gif
image97.gif
image86.gif
button_arrow.gif
editorPreviousPage.gif
exp.jpg
image129.gif
image118.gif
image107.gif
image98.gif
image87.gif
image76.gif
node_end.gif
editorHorzSplit.gif
viewpage.jpg
image119.gif
image108.gif
image99.gif
two-stage.gif
image109.gif
image78.gif
button_save.gif
editorVertSplit.gif
image79.gif
arrow.gif
editorPreviousSegment.gif
col.jpg
image69.gif
button_pointer.gif
image47.gif
node_start.gif
Plus_19x19.gif
corpus_icon.jpg
image130.gif
simple.gif
editorNextPage.gif
image131.gif
image120.gif
image132.gif
image110.gif
image122.gif
image100.gif
image80.gif
button_start_end_node.gif
button_activity_node.gif
image123.gif
image112.gif
image101.gif
image70.gif
loop2.gif
default_ns.css
System4_ns.css
whxdata\whtdata0.xml
whxdata\whtdata1.xml
whxdata\whtdata2.xml
whxdata\whtdata3.xml
whxdata\whtdata4.xml
whxdata\whtdata5.xml
whxdata\whtdata6.xml
whxdata\whtdata7.xml
whxdata\whtdata8.xml
whxdata\whtdata9.xml
whxdata\whtdata10.xml
whxdata\whidata0.xml
whxdata\whidata1.xml
whxdata\whidata2.xml
whxdata\whidata3.xml
whxdata\whidata4.xml
whxdata\whidata5.xml
whxdata\whidata6.xml
whxdata\whidata7.xml
whxdata\whidata8.xml
whxdata\whidata9.xml
whxdata\whidata10.xml
whxdata\whidata11.xml
whxdata\whidata12.xml
whxdata\whidata13.xml
whxdata\whidata14.xml
whxdata\whidata15.xml
whxdata\whidata16.xml
whxdata\whidata17.xml
whxdata\whidata18.xml
whxdata\whidata19.xml
whxdata\whidata20.xml
whxdata\whidata21.xml
whxdata\whidata22.xml
whxdata\whidata23.xml
whxdata\whidata24.xml
whxdata\whidata25.xml
whxdata\whftdata0.xml
whxdata\whftdata1.xml
whxdata\whftdata2.xml
whxdata\whftdata3.xml
whxdata\whfwdata0.xml
whxdata\whfwdata1.xml
whxdata\whfwdata2.xml
whxdata\whfwdata3.xml
whxdata\whfwdata4.xml
whxdata\whfwdata5.xml
whxdata\whfwdata6.xml
whxdata\whfwdata7.xml
whxdata\whfwdata8.xml
whxdata\whfwdata9.xml
whxdata\whfwdata10.xml
whxdata\whfwdata11.xml
whxdata\whfwdata12.xml
whdata\whtdata0.htm
whdata\whtdata1.htm
whdata\whtdata2.htm
whdata\whtdata3.htm
whdata\whtdata4.htm
whdata\whtdata5.htm
whdata\whtdata6.htm
whdata\whtdata7.htm
whdata\whtdata8.htm
whdata\whtdata9.htm
whdata\whtdata10.htm
whdata\whidata0.htm
whdata\whidata1.htm
whdata\whidata2.htm
whdata\whidata3.htm
whdata\whidata4.htm
whdata\whidata5.htm
whdata\whidata6.htm
whdata\whidata7.htm
whdata\whidata8.htm
whdata\whidata9.htm
whdata\whidata10.htm
whdata\whidata11.htm
whdata\whidata12.htm
whdata\whidata13.htm
whdata\whidata14.htm
whdata\whidata15.htm
whdata\whidata16.htm
whdata\whidata17.htm
whdata\whidata18.htm
whdata\whidata19.htm
whdata\whidata20.htm
whdata\whidata21.htm
whdata\whidata22.htm
whdata\whidata23.htm
whdata\whidata24.htm
whdata\whidata25.htm
whdata\whftdata0.htm
whdata\whftdata1.htm
whdata\whftdata2.htm
whdata\whftdata3.htm
whdata\whfwdata0.htm
whdata\whfwdata1.htm
whdata\whfwdata2.htm
whdata\whfwdata3.htm
whdata\whfwdata4.htm
whdata\whfwdata5.htm
whdata\whfwdata6.htm
whdata\whfwdata7.htm
whdata\whfwdata8.htm
whdata\whfwdata9.htm
whdata\whfwdata10.htm
whdata\whfwdata11.htm
whdata\whfwdata12.htm
whgdata\whlstt0.htm
whgdata\whlstt1.htm
whgdata\whlstt2.htm
whgdata\whlstt3.htm
whgdata\whlstt4.htm
whgdata\whlstt5.htm
whgdata\whlstt6.htm
whgdata\whlstt7.htm
whgdata\whlstt8.htm
whgdata\whlstt9.htm
whgdata\whlstt10.htm
whgdata\whlstt11.htm
whgdata\whlstt12.htm
whgdata\whlstt13.htm
whgdata\whlstt14.htm
whgdata\whlstt15.htm
whgdata\whlstt16.htm
whgdata\whlstt17.htm
whgdata\whlstt18.htm
whgdata\whlstt19.htm
whgdata\whlstt20.htm
whgdata\whlstt21.htm
whgdata\whlstt22.htm
whgdata\whlstt23.htm
whgdata\whlstt24.htm
whgdata\whlstt25.htm
whgdata\whlstt26.htm
whgdata\whlstt27.htm
whgdata\whlstt28.htm
whgdata\whlstt29.htm
whgdata\whlstt30.htm
whgdata\whlstt31.htm
whgdata\whlstt32.htm
whgdata\whlstt33.htm
whgdata\whlstt34.htm
whgdata\whlstt35.htm
whgdata\whlstt36.htm
whgdata\whlstt37.htm
whgdata\whlstt38.htm
whgdata\whlstt39.htm
whgdata\whlstt40.htm
whgdata\whlstt41.htm
whgdata\whlstt42.htm
whgdata\whlstt43.htm
whgdata\whlstt44.htm
whgdata\whlstt45.htm
whgdata\whlstt46.htm
whgdata\whlstt47.htm
whgdata\whlstt48.htm
whgdata\whlstt49.htm
whgdata\whlstt50.htm
whgdata\whlstt51.htm
whgdata\whlstt52.htm
whgdata\whlstt53.htm
whgdata\whlstt54.htm
whgdata\whlstt55.htm
whgdata\whlstt56.htm
whgdata\whlstt57.htm
whgdata\whlstt58.htm
whgdata\whlstt59.htm
whgdata\whlstt60.htm
whgdata\whlstt61.htm
whgdata\whlstt62.htm
whgdata\whlstt63.htm
whgdata\whlstt64.htm
whgdata\whlstt65.htm
whgdata\whlstt66.htm
whgdata\whlstt67.htm
whgdata\whlstt68.htm
whgdata\whlstt69.htm
whgdata\whlstt70.htm
whgdata\whlstt71.htm
whgdata\whlstt72.htm
whgdata\whlstt73.htm
whgdata\whlstt74.htm
whgdata\whlstt75.htm
whgdata\whlstt76.htm
whgdata\whlstt77.htm
whgdata\whlstt78.htm
whgdata\whlstt79.htm
whgdata\whlstt80.htm
whgdata\whlstt81.htm
whgdata\whlstt82.htm
whgdata\whlstt83.htm
whgdata\whlstt84.htm
whgdata\whlstt85.htm
whgdata\whlstt86.htm
whgdata\whlstt87.htm
whgdata\whlstt88.htm
whgdata\whlstt89.htm
whgdata\whlstt90.htm
whgdata\whlstt91.htm
whgdata\whlstt92.htm
whgdata\whlstt93.htm
whgdata\whlstt94.htm
whgdata\whlstt95.htm
whgdata\whlsti0.htm
whgdata\whlsti1.htm
whgdata\whlsti2.htm
whgdata\whlsti3.htm
whgdata\whlsti4.htm
whgdata\whlsti5.htm
whgdata\whlsti6.htm
whgdata\whlsti7.htm
whgdata\whlsti8.htm
whgdata\whlstfl0.htm
whgdata\whlstfl1.htm
whgdata\whlstfl2.htm
whgdata\whlstfl3.htm
whgdata\whlstfl4.htm
whgdata\whlstfl5.htm
whgdata\whlstfl6.htm
whgdata\whlstfl7.htm
whgdata\whlstfl8.htm
whgdata\whlstfl9.htm
whgdata\whlstfl10.htm
whgdata\whlstfl11.htm
whgdata\whlstfl12.htm
whgdata\whlstfl13.htm
whgdata\whlstfl14.htm
whgdata\whlstfl15.htm
whgdata\whlstfl16.htm
whgdata\whlstfl17.htm
whgdata\whlstfl18.htm
whgdata\whlstfl19.htm
whgdata\whlstfl20.htm
whgdata\whlstfl21.htm
whgdata\whlstfl22.htm
whgdata\whlstfl23.htm
whgdata\whlstfl24.htm
whgdata\whlstfl25.htm
whgdata\whlstfl26.htm
whgdata\whlstf0.htm
whgdata\whlstf1.htm
whgdata\whlstf2.htm
whgdata\whlstf3.htm
whgdata\whlstf4.htm
whgdata\whlstf5.htm
whgdata\whlstf6.htm
whgdata\whlstf7.htm
whgdata\whlstf8.htm
whgdata\whlstf9.htm
whgdata\whlstf10.htm
whgdata\whlstf11.htm
whgdata\whlstf12.htm
whgdata\whlstf13.htm
whgdata\whlstf14.htm
whgdata\whlstf15.htm
whgdata\whlstf16.htm
whgdata\whlstf17.htm
whgdata\whlstf18.htm
whgdata\whlstf19.htm
whgdata\whlstf20.htm
whgdata\whlstf21.htm
whgdata\whlstf22.htm
whgdata\whlstf23.htm
whgdata\whlstf24.htm
whgdata\whlstf25.htm
whgdata\whlstf26.htm
whgdata\whlstf27.htm
whgdata\whlstf28.htm
whgdata\whlstf29.htm
whgdata\whlstf30.htm
whgdata\whlstf31.htm
whgdata\whlstf32.htm
whgdata\whlstf33.htm
whgdata\whlstf34.htm
whgdata\whlstf35.htm
whgdata\whlstf36.htm
whgdata\whlstf37.htm
whgdata\whlstf38.htm
whgdata\whlstf39.htm
whgdata\whlstg0.htm
GlobalSight.htm
